<?xml version="1.0" encoding="UTF-8"?>
<testsuites name="fastlane">
  <testsuite name="deploy">
    <testcase name="0: fastlane_version" time="0.000263"/>
    <testcase name="1: default_platform" time="1.1e-05"/>
    <testcase name="2: xctool" time="2.227226"/>
    <testcase name="3: xctool" time="3.031707">
      <failure message="/Users/Pablo/.rbenv/versions/2.0.0-p247/lib/ruby/gems/2.0.0/gems/fastlane-1.0.2/lib/fastlane/actions/actions_helper.rb:34:in `execute_action'&#10;/Users/Pablo/.rbenv/versions/2.0.0-p247/lib/ruby/gems/2.0.0/gems/fastlane-1.0.2/lib/fastlane/fast_file.rb:94:in `block in method_missing'&#10;/Users/Pablo/.rbenv/versions/2.0.0-p247/lib/ruby/gems/2.0.0/gems/fastlane-1.0.2/lib/fastlane/fast_file.rb:93:in `chdir'&#10;/Users/Pablo/.rbenv/versions/2.0.0-p247/lib/ruby/gems/2.0.0/gems/fastlane-1.0.2/lib/fastlane/fast_file.rb:93:in `method_missing'&#10;(eval):41:in `block (3 levels) in parse'&#10;/Users/Pablo/.rbenv/versions/2.0.0-p247/lib/ruby/gems/2.0.0/gems/fastlane-1.0.2/lib/fastlane/runner.rb:34:in `call'&#10;/Users/Pablo/.rbenv/versions/2.0.0-p247/lib/ruby/gems/2.0.0/gems/fastlane-1.0.2/lib/fastlane/runner.rb:34:in `block in execute'&#10;/Users/Pablo/.rbenv/versions/2.0.0-p247/lib/ruby/gems/2.0.0/gems/fastlane-1.0.2/lib/fastlane/runner.rb:24:in `chdir'&#10;/Users/Pablo/.rbenv/versions/2.0.0-p247/lib/ruby/gems/2.0.0/gems/fastlane-1.0.2/lib/fastlane/runner.rb:24:in `execute'&#10;/Users/Pablo/.rbenv/versions/2.0.0-p247/lib/ruby/gems/2.0.0/gems/fastlane-1.0.2/lib/fastlane/lane_manager.rb:33:in `cruise_lane'&#10;/Users/Pablo/.rbenv/versions/2.0.0-p247/lib/ruby/gems/2.0.0/gems/fastlane-1.0.2/bin/fastlane:39:in `block (2 levels) in run'&#10;/Users/Pablo/.rbenv/versions/2.0.0-p247/lib/ruby/gems/2.0.0/gems/commander-4.3.4/lib/commander/command.rb:178:in `call'&#10;/Users/Pablo/.rbenv/versions/2.0.0-p247/lib/ruby/gems/2.0.0/gems/commander-4.3.4/lib/commander/command.rb:178:in `call'&#10;/Users/Pablo/.rbenv/versions/2.0.0-p247/lib/ruby/gems/2.0.0/gems/commander-4.3.4/lib/commander/command.rb:153:in `run'&#10;/Users/Pablo/.rbenv/versions/2.0.0-p247/lib/ruby/gems/2.0.0/gems/commander-4.3.4/lib/commander/runner.rb:428:in `run_active_command'&#10;/Users/Pablo/.rbenv/versions/2.0.0-p247/lib/ruby/gems/2.0.0/gems/commander-4.3.4/lib/commander/runner.rb:68:in `run!'&#10;/Users/Pablo/.rbenv/versions/2.0.0-p247/lib/ruby/gems/2.0.0/gems/commander-4.3.4/lib/commander/delegates.rb:15:in `run!'&#10;/Users/Pablo/.rbenv/versions/2.0.0-p247/lib/ruby/gems/2.0.0/gems/fastlane-1.0.2/bin/fastlane:118:in `run'&#10;/Users/Pablo/.rbenv/versions/2.0.0-p247/lib/ruby/gems/2.0.0/gems/fastlane-1.0.2/bin/fastlane:124:in `&lt;top (required)&gt;'&#10;/Users/Pablo/.rbenv/versions/2.0.0-p247/bin/fastlane:23:in `load'&#10;/Users/Pablo/.rbenv/versions/2.0.0-p247/bin/fastlane:23:in `&lt;main&gt;'&#10;&#10;Exit status of command 'xctool -workspace cinesMobile.xcworkspace -scheme cinesMobile -sdk iphonesimulator test OBJCROOT=./build' was 256 instead of 0. &#10;[Info] Loading settings for scheme 'cinesMobile' ... (777 ms)&#10;&#10;=== TEST ===&#10;&#10;  xcodebuild build build&#10;    cinesMobile / cinesMobile (Debug)&#10;&#10;&#10;  ** TEST FAILED: 0 passed, 0 failed, 0 errored, 0 total ** (1614 ms)&#10;&#10;"/>
    </testcase>
  </testsuite>
</testsuites>
